Mon Apr 08 13:56:34 CEST 2019 : Apache Derby Hálózati kiszolgáló - 10.10.2.0 - (1582446) elindult és kész a kapcsolatok fogadására a(z) {3} 1527 portján 
----------------------------------------------------------------
Mon Apr 08 13:56:34 CEST 2019:
 Derby The Apache Software Foundation - Apache Derby - 10.10.2.0 - (1582446) változat betöltése: a816c00e-0169-fcce-9905-ffff8610138e példány
a(z) G:\aB6main\000_Axjava\JDBC alapok\Foci_EB_simulation1\src\derby\FOCI adatbázis-könyvtáron: sun.misc.Launcher$AppClassLoader@144bcfa 

java.vendor=Oracle Corporation
java.runtime.version=1.8.0_202-b08
user.dir=C:\Program Files\glassfish-4.1.1\javadb
os.name=Windows 7
os.arch=x86
os.version=6.1
derby.system.home=G:\aB6main\000_Axjava\JDBC alapok\Foci_EB_simulation1\src\derby
Az adatbázis-osztálybetöltõ elindult - derby.database.classpath=''
----------------------------------------------------------------
Mon Apr 08 13:56:51 CEST 2019:
a816c00e-0169-fcce-9905-ffff8610138e példány leállítása
Mon Apr 08 13:56:51 CEST 2019 Thread[DRDAConnThread_2,5,main] (DATABASE = FOCI), (DRDAID = {2}), A(z) 'FOCI' adatbázis leáll.
----------------------------------------------------------------
Mon Apr 08 13:57:02 CEST 2019:
 Derby The Apache Software Foundation - Apache Derby - 10.10.2.0 - (1582446) változat betöltése: 560740aa-0169-fcce-9905-ffff8610138e példány
a(z) G:\aB6main\000_Axjava\JDBC alapok\Foci_EB_simulation1\src\derby\FOCI adatbázis-könyvtáron: sun.misc.Launcher$AppClassLoader@144bcfa 

java.vendor=Oracle Corporation
java.runtime.version=1.8.0_202-b08
user.dir=C:\Program Files\glassfish-4.1.1\javadb
os.name=Windows 7
os.arch=x86
os.version=6.1
derby.system.home=G:\aB6main\000_Axjava\JDBC alapok\Foci_EB_simulation1\src\derby
Az adatbázis-osztálybetöltõ elindult - derby.database.classpath=''
