Thu Apr 18 19:32:24 CEST 2019 : Apache Derby Hálózati kiszolgáló - 10.10.2.0 - (1582446) elindult és kész a kapcsolatok fogadására a(z) {3} 1527 portján 
----------------------------------------------------------------
Thu Apr 18 19:32:25 CEST 2019:
 Derby The Apache Software Foundation - Apache Derby - 10.10.2.0 - (1582446) változat betöltése: a816c00e-016a-3181-a9a2-ffffb27ba15a példány
a(z) G:\aB6main\000_Axjava\Swing alkalmazások\FOCI_EB_simulation3\src\derby\FOCI adatbázis-könyvtáron: sun.misc.Launcher$AppClassLoader@144bcfa 

java.vendor=Oracle Corporation
java.runtime.version=1.8.0_202-b08
user.dir=C:\Program Files\glassfish-4.1.1\javadb
os.name=Windows 7
os.arch=x86
os.version=6.1
derby.system.home=G:\aB6main\000_Axjava\Swing alkalmazások\FOCI_EB_simulation3\src\derby
Az adatbázis-osztálybetöltõ elindult - derby.database.classpath=''
----------------------------------------------------------------
Thu Apr 18 19:32:41 CEST 2019:
a816c00e-016a-3181-a9a2-ffffb27ba15a példány leállítása
Thu Apr 18 19:32:41 CEST 2019 Thread[DRDAConnThread_2,5,main] (DATABASE = FOCI), (DRDAID = {2}), A(z) 'FOCI' adatbázis leáll.
----------------------------------------------------------------
Thu Apr 18 19:33:01 CEST 2019:
 Derby The Apache Software Foundation - Apache Derby - 10.10.2.0 - (1582446) változat betöltése: 560740aa-016a-3181-a9a2-ffffb27ba15a példány
a(z) G:\aB6main\000_Axjava\Swing alkalmazások\FOCI_EB_simulation3\src\derby\FOCI adatbázis-könyvtáron: sun.misc.Launcher$AppClassLoader@144bcfa 

java.vendor=Oracle Corporation
java.runtime.version=1.8.0_202-b08
user.dir=C:\Program Files\glassfish-4.1.1\javadb
os.name=Windows 7
os.arch=x86
os.version=6.1
derby.system.home=G:\aB6main\000_Axjava\Swing alkalmazások\FOCI_EB_simulation3\src\derby
Az adatbázis-osztálybetöltõ elindult - derby.database.classpath=''
