Wed Apr 10 09:05:07 CEST 2019 : Apache Derby Hálózati kiszolgáló - 10.10.2.0 - (1582446) elindult és kész a kapcsolatok fogadására a(z) {3} 1527 portján 
----------------------------------------------------------------
Wed Apr 10 09:05:07 CEST 2019:
 Derby The Apache Software Foundation - Apache Derby - 10.10.2.0 - (1582446) változat betöltése: a816c00e-016a-0610-7a9a-ffffeee3736e példány
a(z) G:\aB6main\000_Axjava\JDBC alapok\MediaEmpire\src\derby\MEDIA adatbázis-könyvtáron: sun.misc.Launcher$AppClassLoader@144bcfa 

java.vendor=Oracle Corporation
java.runtime.version=1.8.0_202-b08
user.dir=C:\Program Files\glassfish-4.1.1\javadb
os.name=Windows 7
os.arch=x86
os.version=6.1
derby.system.home=G:\aB6main\000_Axjava\JDBC alapok\MediaEmpire\src\derby
Az adatbázis-osztálybetöltõ elindult - derby.database.classpath=''
----------------------------------------------------------------
Wed Apr 10 09:05:23 CEST 2019:
a816c00e-016a-0610-7a9a-ffffeee3736e példány leállítása
Wed Apr 10 09:05:23 CEST 2019 Thread[DRDAConnThread_2,5,main] (DATABASE = MEDIA), (DRDAID = {2}), A(z) 'MEDIA' adatbázis leáll.
----------------------------------------------------------------
Wed Apr 10 09:06:04 CEST 2019:
 Derby The Apache Software Foundation - Apache Derby - 10.10.2.0 - (1582446) változat betöltése: 560740aa-016a-0610-7a9a-ffffeee3736e példány
a(z) G:\aB6main\000_Axjava\JDBC alapok\MediaEmpire\src\derby\MEDIA adatbázis-könyvtáron: sun.misc.Launcher$AppClassLoader@144bcfa 

java.vendor=Oracle Corporation
java.runtime.version=1.8.0_202-b08
user.dir=C:\Program Files\glassfish-4.1.1\javadb
os.name=Windows 7
os.arch=x86
os.version=6.1
derby.system.home=G:\aB6main\000_Axjava\JDBC alapok\MediaEmpire\src\derby
Az adatbázis-osztálybetöltõ elindult - derby.database.classpath=''
